<?xml version="1.0" encoding="UTF-8"?>
<!-- Generated by org.testng.reporters.JUnitXMLReporter -->
<testsuite ignored="2" hostname="LAPTOP-RKHAJTRD" failures="0" tests="2" name="Test" time="173.642" errors="0" timestamp="2024-05-08T17:31:06 IST">
  <testcase classname="testCases.fullTimeSchool.fulltimeSchoolRegistrationTest" name="clickOnAllMenuOptions" time="147.27"/>
  <testcase classname="testCases.fullTimeSchool.fulltimeSchoolWaitlistRegistration" name="clickOnAllMenuOptions" time="155.122"/>
  <testcase classname="tests.testBase" name="@BeforeSuite setupBeforeTestSuite" time="0.0">
    <ignored/>
  </testcase> <!-- @BeforeSuite setupBeforeTestSuite -->
  <testcase classname="tests.testBase" name="@AfterSuite teardownAfterTestSuite" time="0.0">
    <ignored/>
  </testcase> <!-- @AfterSuite teardownAfterTestSuite -->
</testsuite> <!-- Test -->
