<?xml version="1.0" encoding="UTF-8"?>
<!-- Generated by org.testng.reporters.JUnitXMLReporter -->
<testsuite ignored="2" hostname="LAPTOP-RKHAJTRD" failures="0" tests="2" name="Test" time="35.251" errors="0" timestamp="2024-05-08T17:27:41 IST">
  <testcase classname="tests.testBase" name="@BeforeMethod startPlaywrightServer" time="34.463">
    <failure type="com.microsoft.playwright.TimeoutError" message="Error {
  message=&amp;apos;Timeout 30000ms exceeded.
=========================== logs ===========================
navigating to &amp;quot;https://sisdev3.macnet.ca/home&amp;quot;, waiting until &amp;quot;load&amp;quot;
============================================================
  name=&amp;apos;TimeoutError
  stack=&amp;apos;TimeoutError: Timeout 30000ms exceeded.
=========================== logs ===========================
navigating to &amp;quot;https://sisdev3.macnet.ca/home&amp;quot;, waiting until &amp;quot;load&amp;quot;
============================================================
    at ProgressController.run (C:\Users\LPINFO~1\AppData\Local\Temp\playwright-java-16137702069786579055\package\lib\server\progress.js:96:26)
    at Frame.goto (C:\Users\LPINFO~1\AppData\Local\Temp\playwright-java-16137702069786579055\package\lib\server\frames.js:702:23)
    at FrameDispatcher.goto (C:\Users\LPINFO~1\AppData\Local\Temp\playwright-java-16137702069786579055\package\lib\server\dispatchers\frameDispatcher.js:87:77)
    at DispatcherConnection.dispatch (C:\Users\LPINFO~1\AppData\Local\Temp\playwright-java-16137702069786579055\package\lib\server\dispatchers\dispatcher.js:401:46)
}">
      <![CDATA[com.microsoft.playwright.TimeoutError: Error {
  message='Timeout 30000ms exceeded.
=========================== logs ===========================
navigating to "https://sisdev3.macnet.ca/home", waiting until "load"
============================================================
  name='TimeoutError
  stack='TimeoutError: Timeout 30000ms exceeded.
=========================== logs ===========================
navigating to "https://sisdev3.macnet.ca/home", waiting until "load"
============================================================
    at ProgressController.run (C:\Users\LPINFO~1\AppData\Local\Temp\playwright-java-16137702069786579055\package\lib\server\progress.js:96:26)
    at Frame.goto (C:\Users\LPINFO~1\AppData\Local\Temp\playwright-java-16137702069786579055\package\lib\server\frames.js:702:23)
    at FrameDispatcher.goto (C:\Users\LPINFO~1\AppData\Local\Temp\playwright-java-16137702069786579055\package\lib\server\dispatchers\frameDispatcher.js:87:77)
    at DispatcherConnection.dispatch (C:\Users\LPINFO~1\AppData\Local\Temp\playwright-java-16137702069786579055\package\lib\server\dispatchers\dispatcher.js:401:46)
}
at com.microsoft.playwright.impl.WaitableResult.get(WaitableResult.java:52)
at com.microsoft.playwright.impl.ChannelOwner.runUntil(ChannelOwner.java:111)
at com.microsoft.playwright.impl.Connection.sendMessage(Connection.java:108)
at com.microsoft.playwright.impl.ChannelOwner.sendMessage(ChannelOwner.java:102)
at com.microsoft.playwright.impl.FrameImpl.navigateImpl(FrameImpl.java:401)
at com.microsoft.playwright.impl.PageImpl.lambda$navigate$32(PageImpl.java:800)
at com.microsoft.playwright.impl.LoggingSupport.withLogging(LoggingSupport.java:47)
at com.microsoft.playwright.impl.ChannelOwner.withLogging(ChannelOwner.java:87)
at com.microsoft.playwright.impl.PageImpl.navigate(PageImpl.java:800)
at com.microsoft.playwright.impl.PageImpl.navigate(PageImpl.java:41)
at com.microsoft.playwright.Page.navigate(Page.java:4303)
at tests.testBase.startPlaywrightServer(testBase.java:85)
at java.base/java.util.concurrent.ThreadPoolExecutor.runWorker(ThreadPoolExecutor.java:1136)
at java.base/java.util.concurrent.ThreadPoolExecutor$Worker.run(ThreadPoolExecutor.java:635)
at java.base/java.lang.Thread.run(Thread.java:833)
Caused by: com.microsoft.playwright.TimeoutError: Error {
  message='Timeout 30000ms exceeded.
=========================== logs ===========================
navigating to "https://sisdev3.macnet.ca/home", waiting until "load"
============================================================
  name='TimeoutError
  stack='TimeoutError: Timeout 30000ms exceeded.
=========================== logs ===========================
navigating to "https://sisdev3.macnet.ca/home", waiting until "load"
============================================================
    at ProgressController.run (C:\Users\LPINFO~1\AppData\Local\Temp\playwright-java-16137702069786579055\package\lib\server\progress.js:96:26)
    at Frame.goto (C:\Users\LPINFO~1\AppData\Local\Temp\playwright-java-16137702069786579055\package\lib\server\frames.js:702:23)
    at FrameDispatcher.goto (C:\Users\LPINFO~1\AppData\Local\Temp\playwright-java-16137702069786579055\package\lib\server\dispatchers\frameDispatcher.js:87:77)
    at DispatcherConnection.dispatch (C:\Users\LPINFO~1\AppData\Local\Temp\playwright-java-16137702069786579055\package\lib\server\dispatchers\dispatcher.js:401:46)
}
at com.microsoft.playwright.impl.Connection.dispatch(Connection.java:188)
at com.microsoft.playwright.impl.Connection.processOneMessage(Connection.java:170)
at com.microsoft.playwright.impl.ChannelOwner.runUntil(ChannelOwner.java:109)
... 29 more
... Removed 16 stack frames]]>
    </failure>
  </testcase> <!-- @BeforeMethod startPlaywrightServer -->
  <testcase classname="tests.testBase" name="@AfterMethod closePage" time="0.0">
    <skipped/>
  </testcase> <!-- @AfterMethod closePage -->
  <testcase classname="tests.testBase" name="@BeforeMethod startPlaywrightServer" time="34.581">
    <failure type="com.microsoft.playwright.TimeoutError" message="Error {
  message=&amp;apos;Timeout 30000ms exceeded.
=========================== logs ===========================
navigating to &amp;quot;https://sisdev3.macnet.ca/home&amp;quot;, waiting until &amp;quot;load&amp;quot;
============================================================
  name=&amp;apos;TimeoutError
  stack=&amp;apos;TimeoutError: Timeout 30000ms exceeded.
=========================== logs ===========================
navigating to &amp;quot;https://sisdev3.macnet.ca/home&amp;quot;, waiting until &amp;quot;load&amp;quot;
============================================================
    at ProgressController.run (C:\Users\LPINFO~1\AppData\Local\Temp\playwright-java-16137702069786579055\package\lib\server\progress.js:96:26)
    at Frame.goto (C:\Users\LPINFO~1\AppData\Local\Temp\playwright-java-16137702069786579055\package\lib\server\frames.js:702:23)
    at FrameDispatcher.goto (C:\Users\LPINFO~1\AppData\Local\Temp\playwright-java-16137702069786579055\package\lib\server\dispatchers\frameDispatcher.js:87:77)
    at DispatcherConnection.dispatch (C:\Users\LPINFO~1\AppData\Local\Temp\playwright-java-16137702069786579055\package\lib\server\dispatchers\dispatcher.js:401:46)
}">
      <![CDATA[com.microsoft.playwright.TimeoutError: Error {
  message='Timeout 30000ms exceeded.
=========================== logs ===========================
navigating to "https://sisdev3.macnet.ca/home", waiting until "load"
============================================================
  name='TimeoutError
  stack='TimeoutError: Timeout 30000ms exceeded.
=========================== logs ===========================
navigating to "https://sisdev3.macnet.ca/home", waiting until "load"
============================================================
    at ProgressController.run (C:\Users\LPINFO~1\AppData\Local\Temp\playwright-java-16137702069786579055\package\lib\server\progress.js:96:26)
    at Frame.goto (C:\Users\LPINFO~1\AppData\Local\Temp\playwright-java-16137702069786579055\package\lib\server\frames.js:702:23)
    at FrameDispatcher.goto (C:\Users\LPINFO~1\AppData\Local\Temp\playwright-java-16137702069786579055\package\lib\server\dispatchers\frameDispatcher.js:87:77)
    at DispatcherConnection.dispatch (C:\Users\LPINFO~1\AppData\Local\Temp\playwright-java-16137702069786579055\package\lib\server\dispatchers\dispatcher.js:401:46)
}
at com.microsoft.playwright.impl.WaitableResult.get(WaitableResult.java:52)
at com.microsoft.playwright.impl.ChannelOwner.runUntil(ChannelOwner.java:111)
at com.microsoft.playwright.impl.Connection.sendMessage(Connection.java:108)
at com.microsoft.playwright.impl.ChannelOwner.sendMessage(ChannelOwner.java:102)
at com.microsoft.playwright.impl.FrameImpl.navigateImpl(FrameImpl.java:401)
at com.microsoft.playwright.impl.PageImpl.lambda$navigate$32(PageImpl.java:800)
at com.microsoft.playwright.impl.LoggingSupport.withLogging(LoggingSupport.java:47)
at com.microsoft.playwright.impl.ChannelOwner.withLogging(ChannelOwner.java:87)
at com.microsoft.playwright.impl.PageImpl.navigate(PageImpl.java:800)
at com.microsoft.playwright.impl.PageImpl.navigate(PageImpl.java:41)
at com.microsoft.playwright.Page.navigate(Page.java:4303)
at tests.testBase.startPlaywrightServer(testBase.java:85)
at java.base/java.util.concurrent.ThreadPoolExecutor.runWorker(ThreadPoolExecutor.java:1136)
at java.base/java.util.concurrent.ThreadPoolExecutor$Worker.run(ThreadPoolExecutor.java:635)
at java.base/java.lang.Thread.run(Thread.java:833)
Caused by: com.microsoft.playwright.TimeoutError: Error {
  message='Timeout 30000ms exceeded.
=========================== logs ===========================
navigating to "https://sisdev3.macnet.ca/home", waiting until "load"
============================================================
  name='TimeoutError
  stack='TimeoutError: Timeout 30000ms exceeded.
=========================== logs ===========================
navigating to "https://sisdev3.macnet.ca/home", waiting until "load"
============================================================
    at ProgressController.run (C:\Users\LPINFO~1\AppData\Local\Temp\playwright-java-16137702069786579055\package\lib\server\progress.js:96:26)
    at Frame.goto (C:\Users\LPINFO~1\AppData\Local\Temp\playwright-java-16137702069786579055\package\lib\server\frames.js:702:23)
    at FrameDispatcher.goto (C:\Users\LPINFO~1\AppData\Local\Temp\playwright-java-16137702069786579055\package\lib\server\dispatchers\frameDispatcher.js:87:77)
    at DispatcherConnection.dispatch (C:\Users\LPINFO~1\AppData\Local\Temp\playwright-java-16137702069786579055\package\lib\server\dispatchers\dispatcher.js:401:46)
}
at com.microsoft.playwright.impl.Connection.dispatch(Connection.java:188)
at com.microsoft.playwright.impl.Connection.processOneMessage(Connection.java:170)
at com.microsoft.playwright.impl.ChannelOwner.runUntil(ChannelOwner.java:109)
... 29 more
... Removed 16 stack frames]]>
    </failure>
  </testcase> <!-- @BeforeMethod startPlaywrightServer -->
  <testcase classname="tests.testBase" name="@AfterMethod closePage" time="0.0">
    <skipped/>
  </testcase> <!-- @AfterMethod closePage -->
  <testcase classname="testCases.fullTimeSchool.fulltimeSchoolWaitlistRegistration" name="clickOnAllMenuOptions" time="0.0">
    <skipped/>
  </testcase> <!-- clickOnAllMenuOptions -->
  <testcase classname="testCases.fullTimeSchool.fulltimeSchoolRegistrationTest" name="clickOnAllMenuOptions" time="0.0">
    <skipped/>
  </testcase> <!-- clickOnAllMenuOptions -->
  <testcase classname="tests.testBase" name="@BeforeSuite setupBeforeTestSuite" time="0.0">
    <ignored/>
  </testcase> <!-- @BeforeSuite setupBeforeTestSuite -->
  <testcase classname="tests.testBase" name="@AfterSuite teardownAfterTestSuite" time="0.0">
    <ignored/>
  </testcase> <!-- @AfterSuite teardownAfterTestSuite -->
</testsuite> <!-- Test -->
