<?xml version="1.0" encoding="UTF-8"?>
<testng-results ignored="2" total="4" passed="2" failed="0" skipped="0">
  <reporter-output>
  </reporter-output>
  <suite started-at="2024-05-08T17:28:12 IST" name="Suite" finished-at="2024-05-08T17:31:06 IST" duration-ms="173642">
    <groups>
    </groups>
    <test started-at="2024-05-08T17:28:12 IST" name="Test" finished-at="2024-05-08T17:31:06 IST" duration-ms="173642">
      <class name="testCases.fullTimeSchool.fulltimeSchoolWaitlistRegistration">
        <test-method is-config="true" signature="setupBeforeClass()[pri:0, instance:testCases.fullTimeSchool.fulltimeSchoolWaitlistRegistration@515c6049]" started-at="2024-05-08T17:28:12 IST" name="setupBeforeClass" finished-at="2024-05-08T17:28:12 IST" duration-ms="7" status="PASS">
          <reporter-output>
          </reporter-output>
        </test-method> <!-- setupBeforeClass -->
        <test-method is-config="true" signature="startPlaywrightServer()[pri:0, instance:testCases.fullTimeSchool.fulltimeSchoolWaitlistRegistration@515c6049]" started-at="2024-05-08T17:28:13 IST" name="startPlaywrightServer" finished-at="2024-05-08T17:28:30 IST" duration-ms="17417" status="PASS">
          <reporter-output>
          </reporter-output>
        </test-method> <!-- startPlaywrightServer -->
        <test-method signature="clickOnAllMenuOptions(java.lang.String,java.lang.String,java.lang.String,java.lang.String,java.lang.String,java.lang.String,java.lang.String,java.lang.String,java.lang.String,java.lang.String,java.lang.String,java.lang.String,java.lang.String,java.lang.String,java.lang.String,java.lang.String,java.lang.String,java.lang.String,java.lang.String,java.lang.String,java.lang.String,java.lang.String,java.lang.String,java.lang.String,java.lang.String,java.lang.String,java.lang.String,java.lang.String,java.lang.String,java.lang.String,java.lang.String,java.lang.String,java.lang.String,java.lang.String,java.lang.String,java.lang.String,java.lang.String,java.lang.String,java.lang.String,java.lang.String,java.lang.String,java.lang.String,java.lang.String,java.lang.String,java.lang.String,java.lang.String,java.lang.String,java.lang.String,java.lang.String,java.lang.String)[pri:0, instance:testCases.fullTimeSchool.fulltimeSchoolWaitlistRegistration@515c6049]" started-at="2024-05-08T17:28:30 IST" name="clickOnAllMenuOptions" data-provider="registrationsTest" finished-at="2024-05-08T17:31:05 IST" duration-ms="155122" status="PASS">
          <params>
            <param index="0">
              <value>
                <![CDATA[Weston Fulltime Education]]>
              </value>
            </param>
            <param index="1">
              <value>
                <![CDATA[chandler.ben@yopmail.com]]>
              </value>
            </param>
            <param index="2">
              <value>
                <![CDATA[Odelu@123]]>
              </value>
            </param>
            <param index="3">
              <value>
                <![CDATA[Male]]>
              </value>
            </param>
            <param index="4">
              <value>
                <![CDATA[TestStreet01]]>
              </value>
            </param>
            <param index="5">
              <value>
                <![CDATA[TestAppart01]]>
              </value>
            </param>
            <param index="6">
              <value>
                <![CDATA[TestCity01]]>
              </value>
            </param>
            <param index="7">
              <value>
                <![CDATA[TestProvince01]]>
              </value>
            </param>
            <param index="8">
              <value>
                <![CDATA[TestPostal01]]>
              </value>
            </param>
            <param index="9">
              <value>
                <![CDATA[2147483647]]>
              </value>
            </param>
            <param index="10">
              <value>
                <![CDATA[testspouse]]>
              </value>
            </param>
            <param index="11">
              <value>
                <![CDATA[testlastname]]>
              </value>
            </param>
            <param index="12">
              <value>
                <![CDATA[2147483647]]>
              </value>
            </param>
            <param index="13">
              <value>
                <![CDATA[no@email.com]]>
              </value>
            </param>
            <param index="14">
              <value>
                <![CDATA[Oral-Test]]>
              </value>
            </param>
            <param index="15">
              <value>
                <![CDATA[auto]]>
              </value>
            </param>
            <param index="16">
              <value>
                <![CDATA[Hayes-2]]>
              </value>
            </param>
            <param index="17">
              <value>
                <![CDATA[June 11 2016]]>
              </value>
            </param>
            <param index="18">
              <value>
                <![CDATA[Female]]>
              </value>
            </param>
            <param index="19">
              <value>
                <![CDATA[child@email.com]]>
              </value>
            </param>
            <param index="20">
              <value>
                <![CDATA[Canadian Citizen]]>
              </value>
            </param>
            <param index="21">
              <value>
                <![CDATA[new]]>
              </value>
            </param>
            <param index="22">
              <value>
                <![CDATA[Level03]]>
              </value>
            </param>
            <param index="23">
              <value>
                <![CDATA[Ethnicity]]>
              </value>
            </param>
            <param index="24">
              <value>
                <![CDATA[123456789]]>
              </value>
            </param>
            <param index="25">
              <value>
                <![CDATA[preSchool-Toronto]]>
              </value>
            </param>
            <param index="26">
              <value>
                <![CDATA[kg]]>
              </value>
            </param>
            <param index="27">
              <value>
                <![CDATA[Arabic]]>
              </value>
            </param>
            <param index="28">
              <value>
                <![CDATA[testfirtsname]]>
              </value>
            </param>
            <param index="29">
              <value>
                <![CDATA[testlastname]]>
              </value>
            </param>
            <param index="30">
              <value>
                <![CDATA[Home]]>
              </value>
            </param>
            <param index="31">
              <value>
                <![CDATA[9876543212]]>
              </value>
            </param>
            <param index="32">
              <value>
                <![CDATA[test]]>
              </value>
            </param>
            <param index="33">
              <value>
                <![CDATA[authorizefirstname]]>
              </value>
            </param>
            <param index="34">
              <value>
                <![CDATA[authorizelastname]]>
              </value>
            </param>
            <param index="35">
              <value>
                <![CDATA[Home]]>
              </value>
            </param>
            <param index="36">
              <value>
                <![CDATA[9876543212]]>
              </value>
            </param>
            <param index="37">
              <value>
                <![CDATA[src\test\resources\attachments\birth_certificates.pdf]]>
              </value>
            </param>
            <param index="38">
              <value>
                <![CDATA[src\test\resources\attachments\healthcard.jpeg]]>
              </value>
            </param>
            <param index="39">
              <value>
                <![CDATA[src\test\resources\attachments\custodydoc.png]]>
              </value>
            </param>
            <param index="40">
              <value>
                <![CDATA[src\test\resources\attachments\reportcard.jpeg]]>
              </value>
            </param>
            <param index="41">
              <value>
                <![CDATA[src\test\resources\attachments\immunizationcard.png]]>
              </value>
            </param>
            <param index="42">
              <value>
                <![CDATA[testautomation]]>
              </value>
            </param>
            <param index="43">
              <value>
                <![CDATA[testautomation]]>
              </value>
            </param>
            <param index="44">
              <value>
                <![CDATA[testautomation-waitling list registration]]>
              </value>
            </param>
            <param index="45">
              <value>
                <![CDATA[Odelu]]>
              </value>
            </param>
            <param index="46">
              <value>
                <![CDATA[4000056655665556]]>
              </value>
            </param>
            <param index="47">
              <value>
                <![CDATA[1234]]>
              </value>
            </param>
            <param index="48">
              <value>
                <![CDATA[234]]>
              </value>
            </param>
            <param index="49">
              <value>
                <![CDATA[56789]]>
              </value>
            </param>
          </params>
          <reporter-output>
          </reporter-output>
        </test-method> <!-- clickOnAllMenuOptions -->
        <test-method is-config="true" signature="closePage(org.testng.ITestResult)[pri:0, instance:testCases.fullTimeSchool.fulltimeSchoolWaitlistRegistration@515c6049]" started-at="2024-05-08T17:31:05 IST" name="closePage" finished-at="2024-05-08T17:31:06 IST" duration-ms="343" status="PASS">
          <params>
            <param index="0">
              <value>
                <![CDATA[[TestResult name=clickOnAllMenuOptions status=SUCCESS method=fulltimeSchoolWaitlistRegistration.clickOnAllMenuOptions(java.lang.String,java.lang.String,java.lang.String,java.lang.String,java.lang.String,java.lang.String,java.lang.String,java.lang.String,java.lang.String,java.lang.String,java.lang.String,java.lang.String,java.lang.String,java.lang.String,java.lang.String,java.lang.String,java.lang.String,java.lang.String,java.lang.String,java.lang.String,java.lang.String,java.lang.String,java.lang.String,java.lang.String,java.lang.String,java.lang.String,java.lang.String,java.lang.String,java.lang.String,java.lang.String,java.lang.String,java.lang.String,java.lang.String,java.lang.String,java.lang.String,java.lang.String,java.lang.String,java.lang.String,java.lang.String,java.lang.String,java.lang.String,java.lang.String,java.lang.String,java.lang.String,java.lang.String,java.lang.String,java.lang.String,java.lang.String,java.lang.String,java.lang.String)[pri:0, instance:testCases.fullTimeSchool.fulltimeSchoolWaitlistRegistration@515c6049] output={null}]]]>
              </value>
            </param>
          </params>
          <reporter-output>
          </reporter-output>
        </test-method> <!-- closePage -->
      </class> <!-- testCases.fullTimeSchool.fulltimeSchoolWaitlistRegistration -->
      <class name="testCases.fullTimeSchool.fulltimeSchoolRegistrationTest">
        <test-method is-config="true" signature="setupBeforeTestSuite()[pri:0, instance:testCases.fullTimeSchool.fulltimeSchoolRegistrationTest@59474f18]" started-at="2024-05-08T17:28:11 IST" name="setupBeforeTestSuite" finished-at="2024-05-08T17:28:12 IST" duration-ms="666" status="PASS">
          <reporter-output>
          </reporter-output>
        </test-method> <!-- setupBeforeTestSuite -->
        <test-method is-config="true" signature="setupBeforeClass()[pri:0, instance:testCases.fullTimeSchool.fulltimeSchoolRegistrationTest@59474f18]" started-at="2024-05-08T17:28:12 IST" name="setupBeforeClass" finished-at="2024-05-08T17:28:12 IST" duration-ms="8" status="PASS">
          <reporter-output>
          </reporter-output>
        </test-method> <!-- setupBeforeClass -->
        <test-method is-config="true" signature="startPlaywrightServer()[pri:0, instance:testCases.fullTimeSchool.fulltimeSchoolRegistrationTest@59474f18]" started-at="2024-05-08T17:28:13 IST" name="startPlaywrightServer" finished-at="2024-05-08T17:28:36 IST" duration-ms="22881" status="PASS">
          <reporter-output>
          </reporter-output>
        </test-method> <!-- startPlaywrightServer -->
        <test-method signature="clickOnAllMenuOptions(java.lang.String,java.lang.String,java.lang.String,java.lang.String,java.lang.String,java.lang.String,java.lang.String,java.lang.String,java.lang.String,java.lang.String,java.lang.String,java.lang.String,java.lang.String,java.lang.String,java.lang.String,java.lang.String,java.lang.String,java.lang.String,java.lang.String,java.lang.String,java.lang.String,java.lang.String,java.lang.String,java.lang.String,java.lang.String,java.lang.String,java.lang.String,java.lang.String,java.lang.String,java.lang.String,java.lang.String,java.lang.String,java.lang.String,java.lang.String,java.lang.String,java.lang.String,java.lang.String,java.lang.String,java.lang.String,java.lang.String,java.lang.String,java.lang.String,java.lang.String,java.lang.String,java.lang.String,java.lang.String,java.lang.String,java.lang.String,java.lang.String,java.lang.String)[pri:0, instance:testCases.fullTimeSchool.fulltimeSchoolRegistrationTest@59474f18]" started-at="2024-05-08T17:28:36 IST" name="clickOnAllMenuOptions" data-provider="registrationsTest" finished-at="2024-05-08T17:31:03 IST" duration-ms="147270" status="PASS">
          <params>
            <param index="0">
              <value>
                <![CDATA[Weston Fulltime Education]]>
              </value>
            </param>
            <param index="1">
              <value>
                <![CDATA[chandler.ben@yopmail.com]]>
              </value>
            </param>
            <param index="2">
              <value>
                <![CDATA[Odelu@123]]>
              </value>
            </param>
            <param index="3">
              <value>
                <![CDATA[Male]]>
              </value>
            </param>
            <param index="4">
              <value>
                <![CDATA[TestStreet01]]>
              </value>
            </param>
            <param index="5">
              <value>
                <![CDATA[TestAppart01]]>
              </value>
            </param>
            <param index="6">
              <value>
                <![CDATA[TestCity01]]>
              </value>
            </param>
            <param index="7">
              <value>
                <![CDATA[TestProvince01]]>
              </value>
            </param>
            <param index="8">
              <value>
                <![CDATA[TestPostal01]]>
              </value>
            </param>
            <param index="9">
              <value>
                <![CDATA[2147483647]]>
              </value>
            </param>
            <param index="10">
              <value>
                <![CDATA[testspouse]]>
              </value>
            </param>
            <param index="11">
              <value>
                <![CDATA[testlastname]]>
              </value>
            </param>
            <param index="12">
              <value>
                <![CDATA[2147483647]]>
              </value>
            </param>
            <param index="13">
              <value>
                <![CDATA[no@email.com]]>
              </value>
            </param>
            <param index="14">
              <value>
                <![CDATA[Theresa-Test]]>
              </value>
            </param>
            <param index="15">
              <value>
                <![CDATA[auto]]>
              </value>
            </param>
            <param index="16">
              <value>
                <![CDATA[Gerlach]]>
              </value>
            </param>
            <param index="17">
              <value>
                <![CDATA[January 10 2016]]>
              </value>
            </param>
            <param index="18">
              <value>
                <![CDATA[Male]]>
              </value>
            </param>
            <param index="19">
              <value>
                <![CDATA[child@email.com]]>
              </value>
            </param>
            <param index="20">
              <value>
                <![CDATA[Canadian Citizen]]>
              </value>
            </param>
            <param index="21">
              <value>
                <![CDATA[new]]>
              </value>
            </param>
            <param index="22">
              <value>
                <![CDATA[Level04]]>
              </value>
            </param>
            <param index="23">
              <value>
                <![CDATA[Ethnicity]]>
              </value>
            </param>
            <param index="24">
              <value>
                <![CDATA[123456789]]>
              </value>
            </param>
            <param index="25">
              <value>
                <![CDATA[preSchool-Toronto]]>
              </value>
            </param>
            <param index="26">
              <value>
                <![CDATA[kg]]>
              </value>
            </param>
            <param index="27">
              <value>
                <![CDATA[Arabic]]>
              </value>
            </param>
            <param index="28">
              <value>
                <![CDATA[testfirtsname]]>
              </value>
            </param>
            <param index="29">
              <value>
                <![CDATA[testlastname]]>
              </value>
            </param>
            <param index="30">
              <value>
                <![CDATA[Home]]>
              </value>
            </param>
            <param index="31">
              <value>
                <![CDATA[9876543212]]>
              </value>
            </param>
            <param index="32">
              <value>
                <![CDATA[test]]>
              </value>
            </param>
            <param index="33">
              <value>
                <![CDATA[authorizefirstname]]>
              </value>
            </param>
            <param index="34">
              <value>
                <![CDATA[authorizelastname]]>
              </value>
            </param>
            <param index="35">
              <value>
                <![CDATA[Home]]>
              </value>
            </param>
            <param index="36">
              <value>
                <![CDATA[9876543212]]>
              </value>
            </param>
            <param index="37">
              <value>
                <![CDATA[src\test\resources\attachments\birth_certificates.pdf]]>
              </value>
            </param>
            <param index="38">
              <value>
                <![CDATA[src\test\resources\attachments\healthcard.jpeg]]>
              </value>
            </param>
            <param index="39">
              <value>
                <![CDATA[src\test\resources\attachments\custodydoc.png]]>
              </value>
            </param>
            <param index="40">
              <value>
                <![CDATA[src\test\resources\attachments\reportcard.jpeg]]>
              </value>
            </param>
            <param index="41">
              <value>
                <![CDATA[src\test\resources\attachments\immunizationcard.png]]>
              </value>
            </param>
            <param index="42">
              <value>
                <![CDATA[testautomation]]>
              </value>
            </param>
            <param index="43">
              <value>
                <![CDATA[testautomation]]>
              </value>
            </param>
            <param index="44">
              <value>
                <![CDATA[testautomation-regular registration]]>
              </value>
            </param>
            <param index="45">
              <value>
                <![CDATA[Odelu]]>
              </value>
            </param>
            <param index="46">
              <value>
                <![CDATA[4000056655665556]]>
              </value>
            </param>
            <param index="47">
              <value>
                <![CDATA[1234]]>
              </value>
            </param>
            <param index="48">
              <value>
                <![CDATA[234]]>
              </value>
            </param>
            <param index="49">
              <value>
                <![CDATA[56789]]>
              </value>
            </param>
          </params>
          <reporter-output>
          </reporter-output>
        </test-method> <!-- clickOnAllMenuOptions -->
        <test-method is-config="true" signature="closePage(org.testng.ITestResult)[pri:0, instance:testCases.fullTimeSchool.fulltimeSchoolRegistrationTest@59474f18]" started-at="2024-05-08T17:31:03 IST" name="closePage" finished-at="2024-05-08T17:31:04 IST" duration-ms="776" status="PASS">
          <params>
            <param index="0">
              <value>
                <![CDATA[[TestResult name=clickOnAllMenuOptions status=SUCCESS method=fulltimeSchoolRegistrationTest.clickOnAllMenuOptions(java.lang.String,java.lang.String,java.lang.String,java.lang.String,java.lang.String,java.lang.String,java.lang.String,java.lang.String,java.lang.String,java.lang.String,java.lang.String,java.lang.String,java.lang.String,java.lang.String,java.lang.String,java.lang.String,java.lang.String,java.lang.String,java.lang.String,java.lang.String,java.lang.String,java.lang.String,java.lang.String,java.lang.String,java.lang.String,java.lang.String,java.lang.String,java.lang.String,java.lang.String,java.lang.String,java.lang.String,java.lang.String,java.lang.String,java.lang.String,java.lang.String,java.lang.String,java.lang.String,java.lang.String,java.lang.String,java.lang.String,java.lang.String,java.lang.String,java.lang.String,java.lang.String,java.lang.String,java.lang.String,java.lang.String,java.lang.String,java.lang.String,java.lang.String)[pri:0, instance:testCases.fullTimeSchool.fulltimeSchoolRegistrationTest@59474f18] output={null}]]]>
              </value>
            </param>
          </params>
          <reporter-output>
          </reporter-output>
        </test-method> <!-- closePage -->
        <test-method is-config="true" signature="teardownAfterTestSuite()[pri:0, instance:testCases.fullTimeSchool.fulltimeSchoolRegistrationTest@59474f18]" started-at="2024-05-08T17:31:06 IST" name="teardownAfterTestSuite" finished-at="2024-05-08T17:31:06 IST" duration-ms="9" status="PASS">
          <reporter-output>
          </reporter-output>
        </test-method> <!-- teardownAfterTestSuite -->
      </class> <!-- testCases.fullTimeSchool.fulltimeSchoolRegistrationTest -->
    </test> <!-- Test -->
  </suite> <!-- Suite -->
</testng-results>
